
Started POST /api/v1/googleLogin for :: ::1 at Sat Mar 09 2024 23:13:40 GMT-0300 (hora estándar de Brasilia)
  Parameters in body: {"data":{"iss":"https://accounts.google.com","azp":"532934723345-md1l4accaej51e91i140vcqbegrp7bv0.apps.googleusercontent.com","aud":"532934723345-md1l4accaej51e91i140vcqbegrp7bv0.apps.googleusercontent.com","sub":"105904049551215951645","email":"andlop17@gmail.com","email_verified":true,"nbf":1710036519,"name":"Andres Lopez","picture":"https://lh3.googleusercontent.com/a/ACg8ocJgzkyiT3nppCy0SsWh_aLPGosGXO7_dGhv20lIbtmPtcs=s96-c","given_name":"Andres","family_name":"Lopez","locale":"es","iat":1710036819,"exp":1710040419,"jti":"10b6a0a3b24db75b181766b0dd159c571bd7ad37"}}
Started POST /api/v1/googleLogin for :: ::1 at Sat Mar 09 2024 23:14:36 GMT-0300 (hora estándar de Brasilia)
  Parameters in body: {"data":{"iss":"https://accounts.google.com","azp":"532934723345-md1l4accaej51e91i140vcqbegrp7bv0.apps.googleusercontent.com","aud":"532934723345-md1l4accaej51e91i140vcqbegrp7bv0.apps.googleusercontent.com","sub":"105904049551215951645","email":"andlop17@gmail.com","email_verified":true,"nbf":1710036519,"name":"Andres Lopez","picture":"https://lh3.googleusercontent.com/a/ACg8ocJgzkyiT3nppCy0SsWh_aLPGosGXO7_dGhv20lIbtmPtcs=s96-c","given_name":"Andres","family_name":"Lopez","locale":"es","iat":1710036819,"exp":1710040419,"jti":"10b6a0a3b24db75b181766b0dd159c571bd7ad37"}}
Started POST /api/v1/googleLogin for :: ::1 at Sat Mar 09 2024 23:39:13 GMT-0300 (hora estándar de Brasilia)
  Parameters in body: {"data":{"iss":"https://accounts.google.com","azp":"532934723345-md1l4accaej51e91i140vcqbegrp7bv0.apps.googleusercontent.com","aud":"532934723345-md1l4accaej51e91i140vcqbegrp7bv0.apps.googleusercontent.com","sub":"105904049551215951645","email":"andlop17@gmail.com","email_verified":true,"nbf":1710038052,"name":"Andres Lopez","picture":"https://lh3.googleusercontent.com/a/ACg8ocJgzkyiT3nppCy0SsWh_aLPGosGXO7_dGhv20lIbtmPtcs=s96-c","given_name":"Andres","family_name":"Lopez","locale":"es","iat":1710038352,"exp":1710041952,"jti":"7a36cc1339d7e27a1a3da53ee2736f77aacb9f74"}}
Started POST /api/v1/register for :: ::1 at Sun Mar 10 2024 03:02:29 GMT-0300 (hora estándar de Brasilia)
  Parameters in body: {"data":{"firstName":"raimundo","lastName":"luis","email":"rai.mundo@test.cl","password":"123456","passwordConfirm":"123456","avatarURL":"Cachapa.jpg"}}
Completed: 201 message:  Time response: 253 ms Request ID: [890031b8-3033-401c-8551-86e4b1102159]

Started POST /api/v1/googleLogin for :: ::1 at Sun Mar 10 2024 03:03:48 GMT-0300 (hora estándar de Brasilia)
  Parameters in body: {"data":{"iss":"https://accounts.google.com","azp":"532934723345-md1l4accaej51e91i140vcqbegrp7bv0.apps.googleusercontent.com","aud":"532934723345-md1l4accaej51e91i140vcqbegrp7bv0.apps.googleusercontent.com","sub":"105904049551215951645","email":"andlop17@gmail.com","email_verified":true,"nbf":1710050327,"name":"Andres Lopez","picture":"https://lh3.googleusercontent.com/a/ACg8ocJgzkyiT3nppCy0SsWh_aLPGosGXO7_dGhv20lIbtmPtcs=s96-c","given_name":"Andres","family_name":"Lopez","locale":"es","iat":1710050627,"exp":1710054227,"jti":"a2c219421ecc6e09bba56168dc3965b1496f1eff"}}
Completed: 400 message:  Time response: 259 ms Request ID: [ed12768d-9598-497a-88fa-436f7bbde77f]

Started POST /api/v1/googleLogin for :: ::1 at Sun Mar 10 2024 03:11:31 GMT-0300 (hora estándar de Brasilia)
  Parameters in body: {"data":{"iss":"https://accounts.google.com","azp":"532934723345-md1l4accaej51e91i140vcqbegrp7bv0.apps.googleusercontent.com","aud":"532934723345-md1l4accaej51e91i140vcqbegrp7bv0.apps.googleusercontent.com","sub":"105904049551215951645","email":"andlop17@gmail.com","email_verified":true,"nbf":1710050790,"name":"Andres Lopez","picture":"https://lh3.googleusercontent.com/a/ACg8ocJgzkyiT3nppCy0SsWh_aLPGosGXO7_dGhv20lIbtmPtcs=s96-c","given_name":"Andres","family_name":"Lopez","locale":"es","iat":1710051090,"exp":1710054690,"jti":"875aaa5b50e031f777486f3b1b75b37e34198166"}}
Completed: 400 message:  Time response: 253 ms Request ID: [cca8761d-2dce-4660-9896-ad7a3c0df4ee]

Started POST /api/v1/googleLogin for :: ::1 at Sun Mar 10 2024 03:15:30 GMT-0300 (hora estándar de Brasilia)
  Parameters in body: {"data":{"iss":"https://accounts.google.com","azp":"532934723345-md1l4accaej51e91i140vcqbegrp7bv0.apps.googleusercontent.com","aud":"532934723345-md1l4accaej51e91i140vcqbegrp7bv0.apps.googleusercontent.com","sub":"105904049551215951645","email":"andlop17@gmail.com","email_verified":true,"nbf":1710051029,"name":"Andres Lopez","picture":"https://lh3.googleusercontent.com/a/ACg8ocJgzkyiT3nppCy0SsWh_aLPGosGXO7_dGhv20lIbtmPtcs=s96-c","given_name":"Andres","family_name":"Lopez","locale":"es","iat":1710051329,"exp":1710054929,"jti":"48dd9aba90ca727bea45417fa077f65474d82784"}}
Completed: 400 message:  Time response: 234 ms Request ID: [57f20e57-0ed9-4bcf-8a71-d07f4a77af68]

Started POST /api/v1/googleLogin for :: ::1 at Sun Mar 10 2024 03:16:51 GMT-0300 (hora estándar de Brasilia)
  Parameters in body: {"data":{"iss":"https://accounts.google.com","azp":"532934723345-md1l4accaej51e91i140vcqbegrp7bv0.apps.googleusercontent.com","aud":"532934723345-md1l4accaej51e91i140vcqbegrp7bv0.apps.googleusercontent.com","sub":"105904049551215951645","email":"andlop17@gmail.com","email_verified":true,"nbf":1710051110,"name":"Andres Lopez","picture":"https://lh3.googleusercontent.com/a/ACg8ocJgzkyiT3nppCy0SsWh_aLPGosGXO7_dGhv20lIbtmPtcs=s96-c","given_name":"Andres","family_name":"Lopez","locale":"es","iat":1710051410,"exp":1710055010,"jti":"0362358df0b8ee52f33d0a0af3597744635b2306"}}
Completed: 400 message:  Time response: 253 ms Request ID: [f9477e9a-7c1f-4e3d-b2a2-da536820b0fa]

Started POST /api/v1/googleLogin for :: ::1 at Sun Mar 10 2024 03:21:01 GMT-0300 (hora estándar de Brasilia)
  Parameters in body: {"data":{"iss":"https://accounts.google.com","azp":"532934723345-md1l4accaej51e91i140vcqbegrp7bv0.apps.googleusercontent.com","aud":"532934723345-md1l4accaej51e91i140vcqbegrp7bv0.apps.googleusercontent.com","sub":"105904049551215951645","email":"andlop17@gmail.com","email_verified":true,"nbf":1710051360,"name":"Andres Lopez","picture":"https://lh3.googleusercontent.com/a/ACg8ocJgzkyiT3nppCy0SsWh_aLPGosGXO7_dGhv20lIbtmPtcs=s96-c","given_name":"Andres","family_name":"Lopez","locale":"es","iat":1710051660,"exp":1710055260,"jti":"229146a789b5d4ddc647d92c21b034a03d49950b"}}
Started POST /api/v1/googleLogin for :: ::1 at Sun Mar 10 2024 03:25:17 GMT-0300 (hora estándar de Brasilia)
  Parameters in body: {"data":{"iss":"https://accounts.google.com","azp":"532934723345-md1l4accaej51e91i140vcqbegrp7bv0.apps.googleusercontent.com","aud":"532934723345-md1l4accaej51e91i140vcqbegrp7bv0.apps.googleusercontent.com","sub":"105904049551215951645","email":"andlop17@gmail.com","email_verified":true,"nbf":1710051616,"name":"Andres Lopez","picture":"https://lh3.googleusercontent.com/a/ACg8ocJgzkyiT3nppCy0SsWh_aLPGosGXO7_dGhv20lIbtmPtcs=s96-c","given_name":"Andres","family_name":"Lopez","locale":"es","iat":1710051916,"exp":1710055516,"jti":"3ff34192a83e3ab5f02866cc65f409cb9ea7d2f4"}}
Completed: 201 message:  Time response: 238 ms Request ID: [51e537ed-07a0-42b0-895c-0a242ffe4ecf]

Started POST /api/v1/googleLogin for :: ::1 at Sun Mar 10 2024 03:32:35 GMT-0300 (hora estándar de Brasilia)
  Parameters in body: {"data":{"iss":"https://accounts.google.com","azp":"532934723345-md1l4accaej51e91i140vcqbegrp7bv0.apps.googleusercontent.com","aud":"532934723345-md1l4accaej51e91i140vcqbegrp7bv0.apps.googleusercontent.com","sub":"105904049551215951645","email":"andlop17@gmail.com","email_verified":true,"nbf":1710052054,"name":"Andres Lopez","picture":"https://lh3.googleusercontent.com/a/ACg8ocJgzkyiT3nppCy0SsWh_aLPGosGXO7_dGhv20lIbtmPtcs=s96-c","given_name":"Andres","family_name":"Lopez","locale":"es","iat":1710052354,"exp":1710055954,"jti":"725e23042e532d1a6f5735bdd3ab1d58f2cd3b1b"}}
Started POST /api/v1/googleLogin for :: ::1 at Sun Mar 10 2024 03:33:33 GMT-0300 (hora estándar de Brasilia)
  Parameters in body: {"data":{"iss":"https://accounts.google.com","azp":"532934723345-md1l4accaej51e91i140vcqbegrp7bv0.apps.googleusercontent.com","aud":"532934723345-md1l4accaej51e91i140vcqbegrp7bv0.apps.googleusercontent.com","sub":"105904049551215951645","email":"andlop17@gmail.com","email_verified":true,"nbf":1710052054,"name":"Andres Lopez","picture":"https://lh3.googleusercontent.com/a/ACg8ocJgzkyiT3nppCy0SsWh_aLPGosGXO7_dGhv20lIbtmPtcs=s96-c","given_name":"Andres","family_name":"Lopez","locale":"es","iat":1710052354,"exp":1710055954,"jti":"725e23042e532d1a6f5735bdd3ab1d58f2cd3b1b"}}
Started POST /api/v1/googleLogin for :: ::1 at Sun Mar 10 2024 03:34:37 GMT-0300 (hora estándar de Brasilia)
  Parameters in body: {"data":{"iss":"https://accounts.google.com","azp":"532934723345-md1l4accaej51e91i140vcqbegrp7bv0.apps.googleusercontent.com","aud":"532934723345-md1l4accaej51e91i140vcqbegrp7bv0.apps.googleusercontent.com","sub":"105904049551215951645","email":"andlop17@gmail.com","email_verified":true,"nbf":1710052176,"name":"Andres Lopez","picture":"https://lh3.googleusercontent.com/a/ACg8ocJgzkyiT3nppCy0SsWh_aLPGosGXO7_dGhv20lIbtmPtcs=s96-c","given_name":"Andres","family_name":"Lopez","locale":"es","iat":1710052476,"exp":1710056076,"jti":"58c30556afd6f4b8d21754c0401e7cdcbaf750e5"}}
Completed: 500 message:  Time response: 90 ms Request ID: [9425ca89-c705-45f0-a267-da500071ce65]

Started POST /api/v1/googleLogin for :: ::1 at Sun Mar 10 2024 03:35:40 GMT-0300 (hora estándar de Brasilia)
  Parameters in body: {"data":{"iss":"https://accounts.google.com","azp":"532934723345-md1l4accaej51e91i140vcqbegrp7bv0.apps.googleusercontent.com","aud":"532934723345-md1l4accaej51e91i140vcqbegrp7bv0.apps.googleusercontent.com","sub":"105904049551215951645","email":"andlop17@gmail.com","email_verified":true,"nbf":1710052239,"name":"Andres Lopez","picture":"https://lh3.googleusercontent.com/a/ACg8ocJgzkyiT3nppCy0SsWh_aLPGosGXO7_dGhv20lIbtmPtcs=s96-c","given_name":"Andres","family_name":"Lopez","locale":"es","iat":1710052539,"exp":1710056139,"jti":"d5330a280acaf9605235b339f96856fb749244dc"}}
Completed: 200 message:  Time response: 244 ms Request ID: [57211ba5-6936-4eb0-bfbc-4064a2a9c5fb]

Started POST /api/v1/googleLogin for :: ::1 at Sun Mar 10 2024 03:36:30 GMT-0300 (hora estándar de Brasilia)
  Parameters in body: {"data":{"iss":"https://accounts.google.com","azp":"532934723345-md1l4accaej51e91i140vcqbegrp7bv0.apps.googleusercontent.com","aud":"532934723345-md1l4accaej51e91i140vcqbegrp7bv0.apps.googleusercontent.com","sub":"105904049551215951645","email":"andlop17@gmail.com","email_verified":true,"nbf":1710052289,"name":"Andres Lopez","picture":"https://lh3.googleusercontent.com/a/ACg8ocJgzkyiT3nppCy0SsWh_aLPGosGXO7_dGhv20lIbtmPtcs=s96-c","given_name":"Andres","family_name":"Lopez","locale":"es","iat":1710052589,"exp":1710056189,"jti":"b9264e84cc866eb82d8085aa4d43f9298c7e5e6a"}}
Completed: 500 message:  Time response: 154 ms Request ID: [9f6ad9c8-54a0-4c70-aa1b-b538b8351b11]

Started POST /api/v1/googleLogin for :: ::1 at Sun Mar 10 2024 03:36:57 GMT-0300 (hora estándar de Brasilia)
  Parameters in body: {"data":{"iss":"https://accounts.google.com","azp":"532934723345-md1l4accaej51e91i140vcqbegrp7bv0.apps.googleusercontent.com","aud":"532934723345-md1l4accaej51e91i140vcqbegrp7bv0.apps.googleusercontent.com","sub":"105904049551215951645","email":"andlop17@gmail.com","email_verified":true,"nbf":1710052316,"name":"Andres Lopez","picture":"https://lh3.googleusercontent.com/a/ACg8ocJgzkyiT3nppCy0SsWh_aLPGosGXO7_dGhv20lIbtmPtcs=s96-c","given_name":"Andres","family_name":"Lopez","locale":"es","iat":1710052616,"exp":1710056216,"jti":"f1a7af97b682e225235708b0d98f9270566a4cfe"}}
Completed: 200 message:  Time response: 224 ms Request ID: [cbba1de3-f0df-4c56-9e81-ec445dbe32f6]

Started POST /api/v1/login for :: ::1 at Sun Mar 10 2024 03:37:47 GMT-0300 (hora estándar de Brasilia)
  Parameters in body: {"data":{"email":"andres@lopez.com","password":"123456"}}
Completed: 200 message:  Time response: 265 ms Request ID: [e8a66076-ab6b-412c-918e-2430873f817d]

Started POST /api/v1/googleLogin for :: ::1 at Sun Mar 10 2024 03:38:03 GMT-0300 (hora estándar de Brasilia)
  Parameters in body: {"data":{"iss":"https://accounts.google.com","azp":"532934723345-md1l4accaej51e91i140vcqbegrp7bv0.apps.googleusercontent.com","aud":"532934723345-md1l4accaej51e91i140vcqbegrp7bv0.apps.googleusercontent.com","sub":"105904049551215951645","email":"andlop17@gmail.com","email_verified":true,"nbf":1710052382,"name":"Andres Lopez","picture":"https://lh3.googleusercontent.com/a/ACg8ocJgzkyiT3nppCy0SsWh_aLPGosGXO7_dGhv20lIbtmPtcs=s96-c","given_name":"Andres","family_name":"Lopez","locale":"es","iat":1710052682,"exp":1710056282,"jti":"14cb365326e181def330e0f86cd30eb6bf5cd6c2"}}
Completed: 200 message:  Time response: 191 ms Request ID: [19d614a4-dc44-449c-8cc8-e36b4fc37c9c]

Started POST /api/v1/googleLogin for :: ::1 at Sun Mar 10 2024 03:40:12 GMT-0300 (hora estándar de Brasilia)
  Parameters in body: {"data":{"iss":"https://accounts.google.com","azp":"532934723345-md1l4accaej51e91i140vcqbegrp7bv0.apps.googleusercontent.com","aud":"532934723345-md1l4accaej51e91i140vcqbegrp7bv0.apps.googleusercontent.com","sub":"105904049551215951645","email":"andlop17@gmail.com","email_verified":true,"nbf":1710052511,"name":"Andres Lopez","picture":"https://lh3.googleusercontent.com/a/ACg8ocJgzkyiT3nppCy0SsWh_aLPGosGXO7_dGhv20lIbtmPtcs=s96-c","given_name":"Andres","family_name":"Lopez","locale":"es","iat":1710052811,"exp":1710056411,"jti":"d240d098f2c527a396654a3a9715afad453cebb1"}}
Completed: 200 message:  Time response: 233 ms Request ID: [0f35a55d-8a56-4628-a697-d31fc7d9611a]

Started POST /api/v1/googleLogin for :: ::1 at Sun Mar 10 2024 03:40:46 GMT-0300 (hora estándar de Brasilia)
  Parameters in body: {"data":{"iss":"https://accounts.google.com","azp":"532934723345-md1l4accaej51e91i140vcqbegrp7bv0.apps.googleusercontent.com","aud":"532934723345-md1l4accaej51e91i140vcqbegrp7bv0.apps.googleusercontent.com","sub":"105904049551215951645","email":"andlop17@gmail.com","email_verified":true,"nbf":1710052545,"name":"Andres Lopez","picture":"https://lh3.googleusercontent.com/a/ACg8ocJgzkyiT3nppCy0SsWh_aLPGosGXO7_dGhv20lIbtmPtcs=s96-c","given_name":"Andres","family_name":"Lopez","locale":"es","iat":1710052845,"exp":1710056445,"jti":"d27b8790abaeedf0bdc3dd2d141c15f4a8e4db95"}}
Completed: 200 message:  Time response: 249 ms Request ID: [634ee49a-b193-4f20-acd8-bc71f41257ab]

Started POST /api/v1/googleLogin for :: ::1 at Sun Mar 10 2024 03:41:11 GMT-0300 (hora estándar de Brasilia)
  Parameters in body: {"data":{"iss":"https://accounts.google.com","azp":"532934723345-md1l4accaej51e91i140vcqbegrp7bv0.apps.googleusercontent.com","aud":"532934723345-md1l4accaej51e91i140vcqbegrp7bv0.apps.googleusercontent.com","sub":"105904049551215951645","email":"andlop17@gmail.com","email_verified":true,"nbf":1710052570,"name":"Andres Lopez","picture":"https://lh3.googleusercontent.com/a/ACg8ocJgzkyiT3nppCy0SsWh_aLPGosGXO7_dGhv20lIbtmPtcs=s96-c","given_name":"Andres","family_name":"Lopez","locale":"es","iat":1710052870,"exp":1710056470,"jti":"c868f863ec113624d94cd2f67922491b3778f4c8"}}
Completed: 200 message:  Time response: 188 ms Request ID: [43999744-ddf2-4b14-bb04-b48367281191]

Started POST /api/v1/googleLogin for :: ::1 at Sun Mar 10 2024 03:42:17 GMT-0300 (hora estándar de Brasilia)
  Parameters in body: {"data":{"iss":"https://accounts.google.com","azp":"532934723345-md1l4accaej51e91i140vcqbegrp7bv0.apps.googleusercontent.com","aud":"532934723345-md1l4accaej51e91i140vcqbegrp7bv0.apps.googleusercontent.com","sub":"105904049551215951645","email":"andlop17@gmail.com","email_verified":true,"nbf":1710052636,"name":"Andres Lopez","picture":"https://lh3.googleusercontent.com/a/ACg8ocJgzkyiT3nppCy0SsWh_aLPGosGXO7_dGhv20lIbtmPtcs=s96-c","given_name":"Andres","family_name":"Lopez","locale":"es","iat":1710052936,"exp":1710056536,"jti":"6261d7c648d473d0d8a0741198979f3cb629beea"}}
Completed: 200 message:  Time response: 255 ms Request ID: [c383501b-2fe7-4f99-b912-953731769c19]

Started POST /api/v1/login for :: ::1 at Sun Mar 10 2024 03:44:23 GMT-0300 (hora estándar de Brasilia)
  Parameters in body: {"data":{"email":"andres@lopez.com","password":"123456"}}
Completed: 200 message:  Time response: 367 ms Request ID: [ad7e6c6d-b2d8-4496-86e3-7a164a2bac3d]

Started POST /api/v1/googleLogin for :: ::1 at Sun Mar 10 2024 16:44:28 GMT-0300 (hora de verano de Chile)
  Parameters in body: {"data":{"iss":"https://accounts.google.com","azp":"532934723345-md1l4accaej51e91i140vcqbegrp7bv0.apps.googleusercontent.com","aud":"532934723345-md1l4accaej51e91i140vcqbegrp7bv0.apps.googleusercontent.com","sub":"105904049551215951645","email":"andlop17@gmail.com","email_verified":true,"nbf":1710099568,"name":"Andres Lopez","picture":"https://lh3.googleusercontent.com/a/ACg8ocJgzkyiT3nppCy0SsWh_aLPGosGXO7_dGhv20lIbtmPtcs=s96-c","given_name":"Andres","family_name":"Lopez","locale":"es","iat":1710099868,"exp":1710103468,"jti":"69c10c1050c585e2b6af78cb7ac1a7ac8586c926"}}
Completed: 200 message:  Time response: 225 ms Request ID: [20f75e69-45a9-4f31-a9d3-defcbafddc7e]

Started POST /api/v1/googleLogin for :: ::1 at Sun Mar 10 2024 16:45:35 GMT-0300 (hora de verano de Chile)
  Parameters in body: {"data":{"iss":"https://accounts.google.com","azp":"532934723345-md1l4accaej51e91i140vcqbegrp7bv0.apps.googleusercontent.com","aud":"532934723345-md1l4accaej51e91i140vcqbegrp7bv0.apps.googleusercontent.com","sub":"105904049551215951645","email":"andlop17@gmail.com","email_verified":true,"nbf":1710099634,"name":"Andres Lopez","picture":"https://lh3.googleusercontent.com/a/ACg8ocJgzkyiT3nppCy0SsWh_aLPGosGXO7_dGhv20lIbtmPtcs=s96-c","given_name":"Andres","family_name":"Lopez","locale":"es","iat":1710099934,"exp":1710103534,"jti":"1dc6e684667542ef1a16397667939a42a6acf4aa"}}
Completed: 200 message:  Time response: 313 ms Request ID: [6d150899-10c7-4f7c-89a4-7d4af01452e8]

Started POST /api/v1/login for :: ::1 at Sun Mar 10 2024 16:45:47 GMT-0300 (hora de verano de Chile)
  Parameters in body: {"data":{"email":"andres@lopez.com","password":"123456"}}
Completed: 200 message:  Time response: 286 ms Request ID: [f7eb29c8-12a7-4345-8a40-1c130bef1ff3]

Started POST /api/v1/googleLogin for :: ::1 at Sun Mar 10 2024 16:46:29 GMT-0300 (hora de verano de Chile)
  Parameters in body: {"data":{"iss":"https://accounts.google.com","azp":"532934723345-md1l4accaej51e91i140vcqbegrp7bv0.apps.googleusercontent.com","aud":"532934723345-md1l4accaej51e91i140vcqbegrp7bv0.apps.googleusercontent.com","sub":"105904049551215951645","email":"andlop17@gmail.com","email_verified":true,"nbf":1710099689,"name":"Andres Lopez","picture":"https://lh3.googleusercontent.com/a/ACg8ocJgzkyiT3nppCy0SsWh_aLPGosGXO7_dGhv20lIbtmPtcs=s96-c","given_name":"Andres","family_name":"Lopez","locale":"es","iat":1710099989,"exp":1710103589,"jti":"db8f236a092e9ad40113780a8d6ad4bf61c724f8"}}
Completed: 200 message:  Time response: 160 ms Request ID: [227c4bfa-1de0-4f82-a6ad-eadbe06c8dee]

Started POST /api/v1/googleLogin for :: ::1 at Sun Mar 10 2024 16:48:26 GMT-0300 (hora de verano de Chile)
  Parameters in body: {"data":{"iss":"https://accounts.google.com","azp":"532934723345-md1l4accaej51e91i140vcqbegrp7bv0.apps.googleusercontent.com","aud":"532934723345-md1l4accaej51e91i140vcqbegrp7bv0.apps.googleusercontent.com","sub":"105904049551215951645","email":"andlop17@gmail.com","email_verified":true,"nbf":1710099806,"name":"Andres Lopez","picture":"https://lh3.googleusercontent.com/a/ACg8ocJgzkyiT3nppCy0SsWh_aLPGosGXO7_dGhv20lIbtmPtcs=s96-c","given_name":"Andres","family_name":"Lopez","locale":"es","iat":1710100106,"exp":1710103706,"jti":"be3bb258bb3e6c502b649304796e02d08b53823f"}}
Completed: 200 message:  Time response: 177 ms Request ID: [806242d5-48c5-4fa2-ae60-bc8748666a71]

Started POST /api/v1/googleLogin for :: ::1 at Sun Mar 10 2024 16:48:51 GMT-0300 (hora de verano de Chile)
  Parameters in body: {"data":{"iss":"https://accounts.google.com","azp":"532934723345-md1l4accaej51e91i140vcqbegrp7bv0.apps.googleusercontent.com","aud":"532934723345-md1l4accaej51e91i140vcqbegrp7bv0.apps.googleusercontent.com","sub":"105904049551215951645","email":"andlop17@gmail.com","email_verified":true,"nbf":1710099831,"name":"Andres Lopez","picture":"https://lh3.googleusercontent.com/a/ACg8ocJgzkyiT3nppCy0SsWh_aLPGosGXO7_dGhv20lIbtmPtcs=s96-c","given_name":"Andres","family_name":"Lopez","locale":"es","iat":1710100131,"exp":1710103731,"jti":"24aba3c6283c317a2ebe2f5c8413134a715f9b16"}}
Completed: 200 message:  Time response: 181 ms Request ID: [9d7bd7ec-f7b7-4182-b97b-2fc6ab77321b]

Started POST /api/v1/googleLogin for :: ::1 at Sun Mar 10 2024 16:49:30 GMT-0300 (hora de verano de Chile)
  Parameters in body: {"data":{"iss":"https://accounts.google.com","azp":"532934723345-md1l4accaej51e91i140vcqbegrp7bv0.apps.googleusercontent.com","aud":"532934723345-md1l4accaej51e91i140vcqbegrp7bv0.apps.googleusercontent.com","sub":"105904049551215951645","email":"andlop17@gmail.com","email_verified":true,"nbf":1710099870,"name":"Andres Lopez","picture":"https://lh3.googleusercontent.com/a/ACg8ocJgzkyiT3nppCy0SsWh_aLPGosGXO7_dGhv20lIbtmPtcs=s96-c","given_name":"Andres","family_name":"Lopez","locale":"es","iat":1710100170,"exp":1710103770,"jti":"d7fbdb6171c1f400c657475079e52108b2b36e8c"}}
Completed: 200 message:  Time response: 149 ms Request ID: [0dc74781-b560-4f76-ad1e-f97a116f2138]

Started POST /api/v1/googleLogin for :: ::1 at Sun Mar 10 2024 16:50:04 GMT-0300 (hora de verano de Chile)
  Parameters in body: {"data":{"iss":"https://accounts.google.com","azp":"532934723345-md1l4accaej51e91i140vcqbegrp7bv0.apps.googleusercontent.com","aud":"532934723345-md1l4accaej51e91i140vcqbegrp7bv0.apps.googleusercontent.com","sub":"105904049551215951645","email":"andlop17@gmail.com","email_verified":true,"nbf":1710099904,"name":"Andres Lopez","picture":"https://lh3.googleusercontent.com/a/ACg8ocJgzkyiT3nppCy0SsWh_aLPGosGXO7_dGhv20lIbtmPtcs=s96-c","given_name":"Andres","family_name":"Lopez","locale":"es","iat":1710100204,"exp":1710103804,"jti":"891a2a5298a4b55027bfc48acbedd85489268d04"}}
Completed: 200 message:  Time response: 190 ms Request ID: [04dd018c-11d9-40c9-a881-24d33945f41a]

Started POST /api/v1/googleLogin for :: ::1 at Sun Mar 10 2024 16:51:19 GMT-0300 (hora de verano de Chile)
  Parameters in body: {"data":{"iss":"https://accounts.google.com","azp":"532934723345-md1l4accaej51e91i140vcqbegrp7bv0.apps.googleusercontent.com","aud":"532934723345-md1l4accaej51e91i140vcqbegrp7bv0.apps.googleusercontent.com","sub":"105904049551215951645","email":"andlop17@gmail.com","email_verified":true,"nbf":1710099979,"name":"Andres Lopez","picture":"https://lh3.googleusercontent.com/a/ACg8ocJgzkyiT3nppCy0SsWh_aLPGosGXO7_dGhv20lIbtmPtcs=s96-c","given_name":"Andres","family_name":"Lopez","locale":"es","iat":1710100279,"exp":1710103879,"jti":"87a74b08ad9ae3b7866e1d538e8283c876fd9ceb"}}
Completed: 200 message:  Time response: 155 ms Request ID: [495eb818-97c7-4adb-a983-04d22187a3f1]

Started POST /api/v1/login for :: ::1 at Sun Mar 10 2024 16:52:37 GMT-0300 (hora de verano de Chile)
  Parameters in body: {"data":{"email":"andres@lopez.com","password":"123456"}}
Completed: 200 message:  Time response: 285 ms Request ID: [f982f2f1-7a65-4881-85de-803d7702696d]

Started POST /api/v1/googleLogin for :: ::1 at Sun Mar 10 2024 16:53:36 GMT-0300 (hora de verano de Chile)
  Parameters in body: {"data":{"iss":"https://accounts.google.com","azp":"532934723345-md1l4accaej51e91i140vcqbegrp7bv0.apps.googleusercontent.com","aud":"532934723345-md1l4accaej51e91i140vcqbegrp7bv0.apps.googleusercontent.com","sub":"105904049551215951645","email":"andlop17@gmail.com","email_verified":true,"nbf":1710100115,"name":"Andres Lopez","picture":"https://lh3.googleusercontent.com/a/ACg8ocJgzkyiT3nppCy0SsWh_aLPGosGXO7_dGhv20lIbtmPtcs=s96-c","given_name":"Andres","family_name":"Lopez","locale":"es","iat":1710100415,"exp":1710104015,"jti":"5e5b8f133c47e6cdbf6cc6294e4288294974a198"}}
Completed: 200 message:  Time response: 145 ms Request ID: [82d03d12-ffe4-42c1-804c-3ffd1ac9f605]

Started POST /api/v1/googleLogin for :: ::1 at Sun Mar 10 2024 16:56:12 GMT-0300 (hora de verano de Chile)
  Parameters in body: {"data":{"iss":"https://accounts.google.com","azp":"532934723345-md1l4accaej51e91i140vcqbegrp7bv0.apps.googleusercontent.com","aud":"532934723345-md1l4accaej51e91i140vcqbegrp7bv0.apps.googleusercontent.com","sub":"105904049551215951645","email":"andlop17@gmail.com","email_verified":true,"nbf":1710100272,"name":"Andres Lopez","picture":"https://lh3.googleusercontent.com/a/ACg8ocJgzkyiT3nppCy0SsWh_aLPGosGXO7_dGhv20lIbtmPtcs=s96-c","given_name":"Andres","family_name":"Lopez","locale":"es","iat":1710100572,"exp":1710104172,"jti":"00bd36c399c86da99db615233cb85b26261f1a65"}}
Completed: 200 message:  Time response: 140 ms Request ID: [db375d66-6ab2-41d6-9a9e-0525392588c5]

Started POST /api/v1/googleLogin for :: ::1 at Sun Mar 10 2024 16:56:38 GMT-0300 (hora de verano de Chile)
  Parameters in body: {"data":{"iss":"https://accounts.google.com","azp":"532934723345-md1l4accaej51e91i140vcqbegrp7bv0.apps.googleusercontent.com","aud":"532934723345-md1l4accaej51e91i140vcqbegrp7bv0.apps.googleusercontent.com","sub":"105904049551215951645","email":"andlop17@gmail.com","email_verified":true,"nbf":1710100297,"name":"Andres Lopez","picture":"https://lh3.googleusercontent.com/a/ACg8ocJgzkyiT3nppCy0SsWh_aLPGosGXO7_dGhv20lIbtmPtcs=s96-c","given_name":"Andres","family_name":"Lopez","locale":"es","iat":1710100597,"exp":1710104197,"jti":"a9b1fcdcc2f28c1accb4c76a8cfb2df0d1ac98db"}}
Completed: 200 message:  Time response: 159 ms Request ID: [6c403e65-4603-4bbe-9ca0-58d7d6dac6a8]

Started POST /api/v1/googleLogin for :: ::1 at Sun Mar 10 2024 16:57:35 GMT-0300 (hora de verano de Chile)
  Parameters in body: {"data":{"iss":"https://accounts.google.com","azp":"532934723345-md1l4accaej51e91i140vcqbegrp7bv0.apps.googleusercontent.com","aud":"532934723345-md1l4accaej51e91i140vcqbegrp7bv0.apps.googleusercontent.com","sub":"105904049551215951645","email":"andlop17@gmail.com","email_verified":true,"nbf":1710100354,"name":"Andres Lopez","picture":"https://lh3.googleusercontent.com/a/ACg8ocJgzkyiT3nppCy0SsWh_aLPGosGXO7_dGhv20lIbtmPtcs=s96-c","given_name":"Andres","family_name":"Lopez","locale":"es","iat":1710100654,"exp":1710104254,"jti":"986c2dc16d0b2f31cb84d3f0f96f9f1280419ee1"}}
Completed: 200 message:  Time response: 241 ms Request ID: [4cffb131-9857-4a6b-a2b1-e22805cb4315]

Started POST /api/v1/googleLogin for :: ::1 at Sun Mar 10 2024 16:57:49 GMT-0300 (hora de verano de Chile)
  Parameters in body: {"data":{"iss":"https://accounts.google.com","azp":"532934723345-md1l4accaej51e91i140vcqbegrp7bv0.apps.googleusercontent.com","aud":"532934723345-md1l4accaej51e91i140vcqbegrp7bv0.apps.googleusercontent.com","sub":"105904049551215951645","email":"andlop17@gmail.com","email_verified":true,"nbf":1710100369,"name":"Andres Lopez","picture":"https://lh3.googleusercontent.com/a/ACg8ocJgzkyiT3nppCy0SsWh_aLPGosGXO7_dGhv20lIbtmPtcs=s96-c","given_name":"Andres","family_name":"Lopez","locale":"es","iat":1710100669,"exp":1710104269,"jti":"9eeb57c97d4e4f9a3f707d77bced2516697de6f4"}}
Completed: 200 message:  Time response: 159 ms Request ID: [5cbd9de8-29df-4056-8b0c-c1e1fc00c338]
